Using pre-set license
Built from '2022.3/staging' branch; Version is '2022.3.9f1 (ea401c316338) revision 15351836'; Using compiler version '192829333'; Build Type 'Release'
OS: 'Windows 11  (10.0.22621) 64bit Core' Language: 'fr' Physical Memory: 24415 MB
BatchMode: 1, IsHumanControllingUs: 0, StartBugReporterOnCrash: 0, Is64bit: 1, IsPro: 1

COMMAND LINE ARGUMENTS:
C:\Program Files\Unity\Hub\Editor\2022.3.9f1\Editor\Unity.exe
-adb2
-batchMode
-noUpm
-name
AssetImportWorker3
-projectPath
C:/Users/Younes srh/Desktop/I3/UnityProjet/KillFinalChicken
-logFile
Logs/AssetImportWorker3.log
-srvPort
42766
Successfully changed project path to: C:/Users/Younes srh/Desktop/I3/UnityProjet/KillFinalChicken
C:/Users/Younes srh/Desktop/I3/UnityProjet/KillFinalChicken
[UnityMemory] Configuration Parameters - Can be set up in boot.config
    "memorysetup-bucket-allocator-granularity=16"
    "memorysetup-bucket-allocator-bucket-count=8"
    "memorysetup-bucket-allocator-block-size=33554432"
    "memorysetup-bucket-allocator-block-count=8"
    "memorysetup-main-allocator-block-size=16777216"
    "memorysetup-thread-allocator-block-size=16777216"
    "memorysetup-gfx-main-allocator-block-size=16777216"
    "memorysetup-gfx-thread-allocator-block-size=16777216"
    "memorysetup-cache-allocator-block-size=4194304"
    "memorysetup-typetree-allocator-block-size=2097152"
    "memorysetup-profiler-bucket-allocator-granularity=16"
    "memorysetup-profiler-bucket-allocator-bucket-count=8"
    "memorysetup-profiler-bucket-allocator-block-size=33554432"
    "memorysetup-profiler-bucket-allocator-block-count=8"
    "memorysetup-profiler-allocator-block-size=16777216"
    "memorysetup-profiler-editor-allocator-block-size=1048576"
    "memorysetup-temp-allocator-size-main=16777216"
    "memorysetup-job-temp-allocator-block-size=2097152"
    "memorysetup-job-temp-allocator-block-size-background=1048576"
    "memorysetup-job-temp-allocator-reduction-small-platforms=262144"
    "memorysetup-allocator-temp-initial-block-size-main=262144"
    "memorysetup-allocator-temp-initial-block-size-worker=262144"
    "memorysetup-temp-allocator-size-background-worker=32768"
    "memorysetup-temp-allocator-size-job-worker=262144"
    "memorysetup-temp-allocator-size-preload-manager=33554432"
    "memorysetup-temp-allocator-size-nav-mesh-worker=65536"
    "memorysetup-temp-allocator-size-audio-worker=65536"
    "memorysetup-temp-allocator-size-cloud-worker=32768"
    "memorysetup-temp-allocator-size-gi-baking-worker=262144"
    "memorysetup-temp-allocator-size-gfx=262144"
Player connection [56604] Host "[IP] 192.168.56.1 [Port] 0 [Flags] 2 [Guid] 2081817792 [EditorId] 2081817792 [Version] 1048832 [Id] WindowsEditor(7,MSI) [Debug] 1 [PackageName] WindowsEditor [ProjectName] Editor" joined multi-casting on [225.0.0.222:54997]...

Player connection [56604] Host "[IP] 192.168.56.1 [Port] 0 [Flags] 2 [Guid] 2081817792 [EditorId] 2081817792 [Version] 1048832 [Id] WindowsEditor(7,MSI) [Debug] 1 [PackageName] WindowsEditor [ProjectName] Editor" joined alternative multi-casting on [225.0.0.222:34997]...

[Physics::Module] Initialized MultithreadedJobDispatcher with 11 workers.
Refreshing native plugins compatible for Editor in 11.72 ms, found 3 plugins.
Preloading 0 native plugins for Editor in 0.00 ms.
Initialize engine version: 2022.3.9f1 (ea401c316338)
[Subsystems] Discovering subsystems at path C:/Program Files/Unity/Hub/Editor/2022.3.9f1/Editor/Data/Resources/UnitySubsystems
[Subsystems] Discovering subsystems at path C:/Users/Younes srh/Desktop/I3/UnityProjet/KillFinalChicken/Assets
GfxDevice: creating device client; threaded=0; jobified=0
Direct3D:
    Version:  Direct3D 11.0 [level 11.1]
    Renderer: NVIDIA GeForce RTX 2060 (ID=0x1f11)
    Vendor:   NVIDIA
    VRAM:     5968 MB
    Driver:   31.0.15.3734
Initialize mono
Mono path[0] = 'C:/Program Files/Unity/Hub/Editor/2022.3.9f1/Editor/Data/Managed'
Mono path[1] = 'C:/Program Files/Unity/Hub/Editor/2022.3.9f1/Editor/Data/MonoBleedingEdge/lib/mono/unityjit-win32'
Mono config path = 'C:/Program Files/Unity/Hub/Editor/2022.3.9f1/Editor/Data/MonoBleedingEdge/etc'
Using monoOptions --debugger-agent=transport=dt_socket,embedding=1,server=y,suspend=n,address=127.0.0.1:56332
Begin MonoManager ReloadAssembly
Registering precompiled unity dll's ...
Register platform support module: C:/Program Files/Unity/Hub/Editor/2022.3.9f1/Editor/Data/PlaybackEngines/WebGLSupport/UnityEditor.WebGL.Extensions.dll
Register platform support module: C:/Program Files/Unity/Hub/Editor/2022.3.9f1/Editor/Data/PlaybackEngines/WindowsStandaloneSupport/UnityEditor.WindowsStandalone.Extensions.dll
Registered in 0.020296 seconds.
- Loaded All Assemblies, in  0.823 seconds
Native extension for WindowsStandalone target not found
Native extension for WebGL target not found
Mono: successfully reloaded assembly
- Finished resetting the current domain, in  0.588 seconds
Domain Reload Profiling: 1408ms
	BeginReloadAssembly (232ms)
		ExecutionOrderSort (0ms)
		DisableScriptedObjects (0ms)
		BackupInstance (0ms)
		ReleaseScriptingObjects (0ms)
		CreateAndSetChildDomain (1ms)
	RebuildCommonClasses (72ms)
	RebuildNativeTypeToScriptingClass (25ms)
	initialDomainReloadingComplete (154ms)
	LoadAllAssembliesAndSetupDomain (336ms)
		LoadAssemblies (230ms)
		RebuildTransferFunctionScriptingTraits (0ms)
		AnalyzeDomain (333ms)
			TypeCache.Refresh (330ms)
				TypeCache.ScanAssembly (298ms)
			ScanForSourceGeneratedMonoScriptInfo (1ms)
			ResolveRequiredComponents (1ms)
	FinalizeReload (589ms)
		ReleaseScriptCaches (0ms)
		RebuildScriptCaches (0ms)
		SetupLoadedEditorAssemblies (430ms)
			LogAssemblyErrors (0ms)
			InitializePlatformSupportModulesInManaged (23ms)
			SetLoadedEditorAssemblies (15ms)
			RefreshPlugins (0ms)
			BeforeProcessingInitializeOnLoad (5ms)
			ProcessInitializeOnLoadAttributes (295ms)
			ProcessInitializeOnLoadMethodAttributes (93ms)
			AfterProcessingInitializeOnLoad (0ms)
			EditorAssembliesLoaded (0ms)
		ExecutionOrderSort2 (0ms)
		AwakeInstancesAfterBackupRestoration (0ms)
========================================================================
Worker process is ready to serve import requests
Begin MonoManager ReloadAssembly
- Loaded All Assemblies, in  1.534 seconds
Refreshing native plugins compatible for Editor in 4.96 ms, found 3 plugins.
Native extension for WindowsStandalone target not found
Native extension for WebGL target not found
Package Manager log level set to [2]
[Package Manager] Server::EnsureServerProcessIsRunning -- launch failed, reason: Unity was launched with the -noUpm command-line argument
[Package Manager] UpmClient::Send -- Unable to send message (not connected to UPM process).
[Package Manager] Cannot connect to Unity Package Manager local server
Mono: successfully reloaded assembly
- Finished resetting the current domain, in  1.490 seconds
Domain Reload Profiling: 3016ms
	BeginReloadAssembly (388ms)
		ExecutionOrderSort (0ms)
		DisableScriptedObjects (16ms)
		BackupInstance (0ms)
		ReleaseScriptingObjects (0ms)
		CreateAndSetChildDomain (48ms)
	RebuildCommonClasses (85ms)
	RebuildNativeTypeToScriptingClass (27ms)
	initialDomainReloadingComplete (62ms)
	LoadAllAssembliesAndSetupDomain (962ms)
		LoadAssemblies (742ms)
		RebuildTransferFunctionScriptingTraits (0ms)
		AnalyzeDomain (454ms)
			TypeCache.Refresh (407ms)
				TypeCache.ScanAssembly (379ms)
			ScanForSourceGeneratedMonoScriptInfo (33ms)
			ResolveRequiredComponents (11ms)
	FinalizeReload (1492ms)
		ReleaseScriptCaches (0ms)
		RebuildScriptCaches (0ms)
		SetupLoadedEditorAssemblies (1152ms)
			LogAssemblyErrors (0ms)
			InitializePlatformSupportModulesInManaged (15ms)
			SetLoadedEditorAssemblies (8ms)
			RefreshPlugins (0ms)
			BeforeProcessingInitializeOnLoad (185ms)
			ProcessInitializeOnLoadAttributes (876ms)
			ProcessInitializeOnLoadMethodAttributes (51ms)
			AfterProcessingInitializeOnLoad (17ms)
			EditorAssembliesLoaded (0ms)
		ExecutionOrderSort2 (0ms)
		AwakeInstancesAfterBackupRestoration (16ms)
Launched and connected shader compiler UnityShaderCompiler.exe after 0.11 seconds
Refreshing native plugins compatible for Editor in 9.20 ms, found 3 plugins.
Preloading 0 native plugins for Editor in 0.00 ms.
Unloading 3214 Unused Serialized files (Serialized files now loaded: 0)
Unloading 31 unused Assets / (56.4 KB). Loaded Objects now: 3682.
Memory consumption went from 194.8 MB to 194.8 MB.
Total: 5.215000 ms (FindLiveObjects: 0.410000 ms CreateObjectMapping: 0.460000 ms MarkObjects: 4.191100 ms  DeleteObjects: 0.152100 ms)

AssetImportParameters requested are different than current active one (requested -> active):
  custom:container-demuxer-ogg: 62fdf1f143b41e24485cea50d1cbac27 -> 
  custom:video-decoder-ogg-theora: a1e56fd34408186e4bbccfd4996cb3dc -> 
  custom:framework-win-MediaFoundation: 216162199b28c13a410421893ffa2e32 -> 
  custom:CustomObjectIndexerAttribute: 756ad292c208cfabdd7b50bc23989ffe -> 
  custom:container-demuxer-webm: 4f35f7cbe854078d1ac9338744f61a02 -> 
  custom:container-muxer-webm: aa71ff27fc2769a1b78a27578f13a17b -> 
  custom:video-decoder-webm-vp8: 9c59270c3fd7afecdb556c50c9e8de78 -> 
  custom:SearchIndexIgnoredProperties: e643bd26f0fe6173181afceb89e7c659 -> 
  custom:AudioImporter_EditorPlatform: d09bf68614088b80899f8185d706f6e7 -> 
  custom:video-encoder-webm-vp8: eb34c28f22e8b96e1ab97ce403110664 -> 
  custom:audio-decoder-ogg-vorbis: bf7c407c2cedff20999df2af8eb42d56 -> 
  custom:audio-encoder-webm-vorbis: bf7c407c2cedff20999df2af8eb42d56 -> 
========================================================================
Received Import Request.
  Time since last request: 364152.024601 seconds.
  path: Assets/Enemies/Parasite L Starkie.fbx
  artifactKey: Guid(e862538b1cd8992428bd93a3f2dd4c0e) Importer(815301076,1909f56bfc062723c751e8b465ee728b)
Start importing Assets/Enemies/Parasite L Starkie.fbx using Guid(e862538b1cd8992428bd93a3f2dd4c0e) Importer(815301076,1909f56bfc062723c751e8b465ee728b)  -> (artifact id: '3204058f403db81b12e6f854874990aa') in 0.425693 seconds
Number of updated asset objects reloaded before import = 0
Number of asset objects unloaded after import = 154
========================================================================
Received Import Request.
  Time since last request: 0.000053 seconds.
  path: Assets/Decrepit Dungeon LITE/Materials/Grunge_B.mat
  artifactKey: Guid(13fcec13a3cbf1d428c5c89767873fe7) Importer(815301076,1909f56bfc062723c751e8b465ee728b)
Start importing Assets/Decrepit Dungeon LITE/Materials/Grunge_B.mat using Guid(13fcec13a3cbf1d428c5c89767873fe7) Importer(815301076,1909f56bfc062723c751e8b465ee728b)  -> (artifact id: 'f77c7968f0047dd2f0f00360ea936ee5') in 0.067958 seconds
Number of updated asset objects reloaded before import = 0
Number of asset objects unloaded after import = 5
========================================================================
Received Import Request.
  Time since last request: 0.000041 seconds.
  path: Assets/Julhiecio TPS Controller/Models/Characters/JU Robot/Model/Materials/JURobotMetalic02.mat
  artifactKey: Guid(c8906c2f71f71a64a956c914d8c1463d) Importer(815301076,1909f56bfc062723c751e8b465ee728b)
Start importing Assets/Julhiecio TPS Controller/Models/Characters/JU Robot/Model/Materials/JURobotMetalic02.mat using Guid(c8906c2f71f71a64a956c914d8c1463d) Importer(815301076,1909f56bfc062723c751e8b465ee728b)  -> (artifact id: 'be9218280fcc1d920a21b37b362ea915') in 0.038448 seconds
Number of updated asset objects reloaded before import = 0
Number of asset objects unloaded after import = 4
========================================================================
Received Import Request.
  Time since last request: 0.000069 seconds.
  path: Assets/Julhiecio TPS Controller/Animations/Humanoid Animations/Walk Animations/Armed/walk forward right.fbx
  artifactKey: Guid(0aef9d35004e84040834cf3f07b05916) Importer(815301076,1909f56bfc062723c751e8b465ee728b)
Start importing Assets/Julhiecio TPS Controller/Animations/Humanoid Animations/Walk Animations/Armed/walk forward right.fbx using Guid(0aef9d35004e84040834cf3f07b05916) Importer(815301076,1909f56bfc062723c751e8b465ee728b)  -> (artifact id: '30cf59174020fd678d913ca336f8f6fc') in 0.015651 seconds
Number of updated asset objects reloaded before import = 0
Number of asset objects unloaded after import = 135
========================================================================
Received Import Request.
  Time since last request: 0.000026 seconds.
  path: Assets/Decrepit Dungeon LITE/Materials/Stone_A.mat
  artifactKey: Guid(abf168830e83d264faa8fadb4d51cd13) Importer(815301076,1909f56bfc062723c751e8b465ee728b)
Start importing Assets/Decrepit Dungeon LITE/Materials/Stone_A.mat using Guid(abf168830e83d264faa8fadb4d51cd13) Importer(815301076,1909f56bfc062723c751e8b465ee728b)  -> (artifact id: 'c3ccb06d5fedd219d2d5d2f5aa79970a') in 0.047518 seconds
Number of updated asset objects reloaded before import = 0
Number of asset objects unloaded after import = 5
========================================================================
Received Import Request.
  Time since last request: 0.000028 seconds.
  path: Assets/TextMesh Pro/Examples & Extras/Resources/Fonts & Materials/Anton SDF - Sunny Days.mat
  artifactKey: Guid(6522f30e342599e4e9dd4cc2cc03c830) Importer(815301076,1909f56bfc062723c751e8b465ee728b)
Start importing Assets/TextMesh Pro/Examples & Extras/Resources/Fonts & Materials/Anton SDF - Sunny Days.mat using Guid(6522f30e342599e4e9dd4cc2cc03c830) Importer(815301076,1909f56bfc062723c751e8b465ee728b)  -> (artifact id: '8dba8aaee3aa217452f6c632f62b983d') in 0.272412 seconds
Number of updated asset objects reloaded before import = 0
Number of asset objects unloaded after import = 4
========================================================================
Received Import Request.
  Time since last request: 0.000031 seconds.
  path: Assets/TextMesh Pro/Examples & Extras/Resources/Fonts & Materials/Bangers SDF - Drop Shadow.mat
  artifactKey: Guid(f2dcf029949142e28b974630369c8b4e) Importer(815301076,1909f56bfc062723c751e8b465ee728b)
Start importing Assets/TextMesh Pro/Examples & Extras/Resources/Fonts & Materials/Bangers SDF - Drop Shadow.mat using Guid(f2dcf029949142e28b974630369c8b4e) Importer(815301076,1909f56bfc062723c751e8b465ee728b)  -> (artifact id: 'e07af5473602ee8e9b9e93576e095876') in 0.178163 seconds
Number of updated asset objects reloaded before import = 0
Number of asset objects unloaded after import = 2
========================================================================
Received Import Request.
  Time since last request: 0.000041 seconds.
  path: Assets/Julhiecio TPS Controller/Models/Characters/DummyRobot/RobotModel.fbx
  artifactKey: Guid(4721370cdc604824989d5008df670e65) Importer(815301076,1909f56bfc062723c751e8b465ee728b)
Start importing Assets/Julhiecio TPS Controller/Models/Characters/DummyRobot/RobotModel.fbx using Guid(4721370cdc604824989d5008df670e65) Importer(815301076,1909f56bfc062723c751e8b465ee728b)  -> (artifact id: '9edb9e566496e6a70e5d3b0c43e40da8') in 0.059844 seconds
Number of updated asset objects reloaded before import = 0
Number of asset objects unloaded after import = 143
========================================================================
Received Import Request.
  Time since last request: 0.000029 seconds.
  path: Assets/Julhiecio TPS Controller/Animations/Humanoid Animations/Walk Animations/Armed/walk backward left.fbx
  artifactKey: Guid(0b18f6077ba518c44ae63463372b1126) Importer(815301076,1909f56bfc062723c751e8b465ee728b)
Start importing Assets/Julhiecio TPS Controller/Animations/Humanoid Animations/Walk Animations/Armed/walk backward left.fbx using Guid(0b18f6077ba518c44ae63463372b1126) Importer(815301076,1909f56bfc062723c751e8b465ee728b)  -> (artifact id: 'b6e3d14a13f440cd0c59fd134ddb03e7') in 0.009199 seconds
Number of updated asset objects reloaded before import = 0
Number of asset objects unloaded after import = 135
========================================================================
Received Import Request.
  Time since last request: 0.000065 seconds.
  path: Assets/Decrepit Dungeon LITE/Materials/M_Black.mat
  artifactKey: Guid(8bc5ac0fe40131e47928f741c680005f) Importer(815301076,1909f56bfc062723c751e8b465ee728b)
Start importing Assets/Decrepit Dungeon LITE/Materials/M_Black.mat using Guid(8bc5ac0fe40131e47928f741c680005f) Importer(815301076,1909f56bfc062723c751e8b465ee728b)  -> (artifact id: 'e2636852e0924ae5346c292289dda1a7') in 0.014476 seconds
Number of updated asset objects reloaded before import = 0
Number of asset objects unloaded after import = 1
========================================================================
Received Import Request.
  Time since last request: 0.000138 seconds.
  path: Assets/Julhiecio TPS Controller/Animations/Humanoid Animations/Walk Animations/Walk.fbx
  artifactKey: Guid(9145469b3ecf68b4383a643dfb3dde99) Importer(815301076,1909f56bfc062723c751e8b465ee728b)
Start importing Assets/Julhiecio TPS Controller/Animations/Humanoid Animations/Walk Animations/Walk.fbx using Guid(9145469b3ecf68b4383a643dfb3dde99) Importer(815301076,1909f56bfc062723c751e8b465ee728b)  -> (artifact id: '98987c8a4c74f1ac455374738ab26f08') in 0.010458 seconds
Number of updated asset objects reloaded before import = 0
Number of asset objects unloaded after import = 135
========================================================================
Received Import Request.
  Time since last request: 0.000031 seconds.
  path: Assets/Julhiecio TPS Controller/Materials/GreenGlass.mat
  artifactKey: Guid(9768379af448f1f49815677d2ab189af) Importer(815301076,1909f56bfc062723c751e8b465ee728b)
Start importing Assets/Julhiecio TPS Controller/Materials/GreenGlass.mat using Guid(9768379af448f1f49815677d2ab189af) Importer(815301076,1909f56bfc062723c751e8b465ee728b)  -> (artifact id: '7f7ed2d864788d8eafc741a0b4747a02') in 0.580703 seconds
Number of updated asset objects reloaded before import = 0
Number of asset objects unloaded after import = 1
========================================================================
Received Import Request.
  Time since last request: 0.000081 seconds.
  path: Assets/TextMesh Pro/Examples & Extras/Resources/Fonts & Materials/Oswald Bold SDF.asset
  artifactKey: Guid(0161d805a3764c089bef00bfe00793f5) Importer(815301076,1909f56bfc062723c751e8b465ee728b)
Start importing Assets/TextMesh Pro/Examples & Extras/Resources/Fonts & Materials/Oswald Bold SDF.asset using Guid(0161d805a3764c089bef00bfe00793f5) Importer(815301076,1909f56bfc062723c751e8b465ee728b)  -> (artifact id: 'c6342066b159f9b91bebefa28abdf7d7') in 0.077248 seconds
Number of updated asset objects reloaded before import = 0
Number of asset objects unloaded after import = 6
========================================================================
Received Import Request.
  Time since last request: 0.000031 seconds.
  path: Assets/Julhiecio TPS Controller/Models/Weapons/BulletBox/Materials/BulletBoxTexture 1.mat
  artifactKey: Guid(9632872f9a175854f837b8039f0d3f44) Importer(815301076,1909f56bfc062723c751e8b465ee728b)
Start importing Assets/Julhiecio TPS Controller/Models/Weapons/BulletBox/Materials/BulletBoxTexture 1.mat using Guid(9632872f9a175854f837b8039f0d3f44) Importer(815301076,1909f56bfc062723c751e8b465ee728b)  -> (artifact id: '6a05044c272de9ce7a65966f9807d0a9') in 0.015865 seconds
Number of updated asset objects reloaded before import = 0
Number of asset objects unloaded after import = 3
========================================================================
Received Import Request.
  Time since last request: 0.000091 seconds.
  path: Assets/Julhiecio TPS Controller/Models/Vehicles Models/Motorcycle Model/Motorcycle.fbx
  artifactKey: Guid(2c5e3b4379c827547856f862f48c1405) Importer(815301076,1909f56bfc062723c751e8b465ee728b)
Start importing Assets/Julhiecio TPS Controller/Models/Vehicles Models/Motorcycle Model/Motorcycle.fbx using Guid(2c5e3b4379c827547856f862f48c1405) Importer(815301076,1909f56bfc062723c751e8b465ee728b)  -> (artifact id: '7aaf682e0185a8e37d8349cbca570fe2') in 0.261400 seconds
Number of updated asset objects reloaded before import = 0
Number of asset objects unloaded after import = 44
========================================================================
Received Import Request.
  Time since last request: 0.000027 seconds.
  path: Assets/Decrepit Dungeon LITE/Materials/Stone_B.mat
  artifactKey: Guid(8786ddb73d132334086ec1a9f1871797) Importer(815301076,1909f56bfc062723c751e8b465ee728b)
Start importing Assets/Decrepit Dungeon LITE/Materials/Stone_B.mat using Guid(8786ddb73d132334086ec1a9f1871797) Importer(815301076,1909f56bfc062723c751e8b465ee728b)  -> (artifact id: '065dadb81a5b490c2430e12ec879e3cf') in 0.020834 seconds
Number of updated asset objects reloaded before import = 0
Number of asset objects unloaded after import = 5
========================================================================
Received Import Request.
  Time since last request: 0.000047 seconds.
  path: Assets/Julhiecio TPS Controller/Animations/Humanoid Animations/Walk Animations/Armed/walk forward left.fbx
  artifactKey: Guid(c0472c25b4095174ba76d4165c36c946) Importer(815301076,1909f56bfc062723c751e8b465ee728b)
Start importing Assets/Julhiecio TPS Controller/Animations/Humanoid Animations/Walk Animations/Armed/walk forward left.fbx using Guid(c0472c25b4095174ba76d4165c36c946) Importer(815301076,1909f56bfc062723c751e8b465ee728b)  -> (artifact id: '21347f720869ed25e81246111150431f') in 0.009006 seconds
Number of updated asset objects reloaded before import = 0
Number of asset objects unloaded after import = 135
========================================================================
Received Import Request.
  Time since last request: 0.000019 seconds.
  path: Assets/Julhiecio TPS Controller/Models/Shooting Target Model/ShootingTargetFractured.fbx
  artifactKey: Guid(0e33325f169b0e6478408254f87b0499) Importer(815301076,1909f56bfc062723c751e8b465ee728b)
Start importing Assets/Julhiecio TPS Controller/Models/Shooting Target Model/ShootingTargetFractured.fbx using Guid(0e33325f169b0e6478408254f87b0499) Importer(815301076,1909f56bfc062723c751e8b465ee728b)  -> (artifact id: '306d98f499c2b59e8c8fb5f41af8d023') in 0.185563 seconds
Number of updated asset objects reloaded before import = 0
Number of asset objects unloaded after import = 70
========================================================================
Received Import Request.
  Time since last request: 0.000027 seconds.
  path: Assets/Julhiecio TPS Controller/Models/Prototype Models/Pickable Item Case.fbx
  artifactKey: Guid(61647d13ae3779e4c8fee904d5dbaa57) Importer(815301076,1909f56bfc062723c751e8b465ee728b)
Start importing Assets/Julhiecio TPS Controller/Models/Prototype Models/Pickable Item Case.fbx using Guid(61647d13ae3779e4c8fee904d5dbaa57) Importer(815301076,1909f56bfc062723c751e8b465ee728b)  -> (artifact id: '2a2253fdf0e0e980e0e5e4d5a91758e6') in 0.117066 seconds
Number of updated asset objects reloaded before import = 0
Number of asset objects unloaded after import = 11
========================================================================
Received Import Request.
  Time since last request: 0.000262 seconds.
  path: Assets/TextMesh Pro/Examples & Extras/Resources/Fonts & Materials/LiberationSans SDF - Soft Mask.mat
  artifactKey: Guid(42df1c7856584b6b8db9a509b6b10074) Importer(815301076,1909f56bfc062723c751e8b465ee728b)
Start importing Assets/TextMesh Pro/Examples & Extras/Resources/Fonts & Materials/LiberationSans SDF - Soft Mask.mat using Guid(42df1c7856584b6b8db9a509b6b10074) Importer(815301076,1909f56bfc062723c751e8b465ee728b)  -> (artifact id: 'd92513d1f4e7c8fde22afd24e373a677') in 0.039717 seconds
Number of updated asset objects reloaded before import = 0
Number of asset objects unloaded after import = 3
========================================================================
Received Prepare
Begin MonoManager ReloadAssembly
- Loaded All Assemblies, in  0.650 seconds
Refreshing native plugins compatible for Editor in 3.53 ms, found 3 plugins.
Native extension for WindowsStandalone target not found
Native extension for WebGL target not found
[Package Manager] Server::EnsureServerProcessIsRunning -- launch failed, reason: Unity was launched with the -noUpm command-line argument
[Package Manager] UpmClient::Send -- Unable to send message (not connected to UPM process).
[Package Manager] Cannot connect to Unity Package Manager local server
Mono: successfully reloaded assembly
- Finished resetting the current domain, in  1.545 seconds
Domain Reload Profiling: 2191ms
	BeginReloadAssembly (223ms)
		ExecutionOrderSort (0ms)
		DisableScriptedObjects (10ms)
		BackupInstance (0ms)
		ReleaseScriptingObjects (0ms)
		CreateAndSetChildDomain (43ms)
	RebuildCommonClasses (59ms)
	RebuildNativeTypeToScriptingClass (17ms)
	initialDomainReloadingComplete (48ms)
	LoadAllAssembliesAndSetupDomain (298ms)
		LoadAssemblies (411ms)
		RebuildTransferFunctionScriptingTraits (0ms)
		AnalyzeDomain (17ms)
			TypeCache.Refresh (7ms)
				TypeCache.ScanAssembly (0ms)
			ScanForSourceGeneratedMonoScriptInfo (0ms)
			ResolveRequiredComponents (9ms)
	FinalizeReload (1546ms)
		ReleaseScriptCaches (0ms)
		RebuildScriptCaches (0ms)
		SetupLoadedEditorAssemblies (832ms)
			LogAssemblyErrors (0ms)
			InitializePlatformSupportModulesInManaged (10ms)
			SetLoadedEditorAssemblies (9ms)
			RefreshPlugins (0ms)
			BeforeProcessingInitializeOnLoad (164ms)
			ProcessInitializeOnLoadAttributes (604ms)
			ProcessInitializeOnLoadMethodAttributes (33ms)
			AfterProcessingInitializeOnLoad (11ms)
			EditorAssembliesLoaded (0ms)
		ExecutionOrderSort2 (0ms)
		AwakeInstancesAfterBackupRestoration (12ms)
Refreshing native plugins compatible for Editor in 5.92 ms, found 3 plugins.
Preloading 0 native plugins for Editor in 0.00 ms.
Unloading 3192 Unused Serialized files (Serialized files now loaded: 0)
Unloading 22 unused Assets / (30.6 KB). Loaded Objects now: 3732.
Memory consumption went from 196.8 MB to 196.8 MB.
Total: 4.293200 ms (FindLiveObjects: 0.342700 ms CreateObjectMapping: 0.319600 ms MarkObjects: 3.572500 ms  DeleteObjects: 0.056900 ms)

Prepare: number of updated asset objects reloaded= 0
AssetImportParameters requested are different than current active one (requested -> active):
  custom:container-demuxer-ogg: 62fdf1f143b41e24485cea50d1cbac27 -> 
  custom:video-decoder-ogg-theora: a1e56fd34408186e4bbccfd4996cb3dc -> 
  custom:framework-win-MediaFoundation: 216162199b28c13a410421893ffa2e32 -> 
  custom:CustomObjectIndexerAttribute: 756ad292c208cfabdd7b50bc23989ffe -> 
  custom:container-demuxer-webm: 4f35f7cbe854078d1ac9338744f61a02 -> 
  custom:container-muxer-webm: aa71ff27fc2769a1b78a27578f13a17b -> 
  custom:video-decoder-webm-vp8: 9c59270c3fd7afecdb556c50c9e8de78 -> 
  custom:SearchIndexIgnoredProperties: e643bd26f0fe6173181afceb89e7c659 -> 
  custom:AudioImporter_EditorPlatform: d09bf68614088b80899f8185d706f6e7 -> 
  custom:video-encoder-webm-vp8: eb34c28f22e8b96e1ab97ce403110664 -> 
  custom:audio-decoder-ogg-vorbis: bf7c407c2cedff20999df2af8eb42d56 -> 
  custom:audio-encoder-webm-vorbis: bf7c407c2cedff20999df2af8eb42d56 -> 
========================================================================
Received Prepare
Begin MonoManager ReloadAssembly
- Loaded All Assemblies, in  0.634 seconds
Refreshing native plugins compatible for Editor in 3.75 ms, found 3 plugins.
Native extension for WindowsStandalone target not found
Native extension for WebGL target not found
[Package Manager] Server::EnsureServerProcessIsRunning -- launch failed, reason: Unity was launched with the -noUpm command-line argument
[Package Manager] UpmClient::Send -- Unable to send message (not connected to UPM process).
[Package Manager] Cannot connect to Unity Package Manager local server
Mono: successfully reloaded assembly
- Finished resetting the current domain, in  1.459 seconds
Domain Reload Profiling: 2089ms
	BeginReloadAssembly (225ms)
		ExecutionOrderSort (0ms)
		DisableScriptedObjects (14ms)
		BackupInstance (0ms)
		ReleaseScriptingObjects (0ms)
		CreateAndSetChildDomain (52ms)
	RebuildCommonClasses (47ms)
	RebuildNativeTypeToScriptingClass (17ms)
	initialDomainReloadingComplete (40ms)
	LoadAllAssembliesAndSetupDomain (301ms)
		LoadAssemblies (398ms)
		RebuildTransferFunctionScriptingTraits (0ms)
		AnalyzeDomain (17ms)
			TypeCache.Refresh (7ms)
				TypeCache.ScanAssembly (0ms)
			ScanForSourceGeneratedMonoScriptInfo (0ms)
			ResolveRequiredComponents (9ms)
	FinalizeReload (1460ms)
		ReleaseScriptCaches (0ms)
		RebuildScriptCaches (0ms)
		SetupLoadedEditorAssemblies (772ms)
			LogAssemblyErrors (0ms)
			InitializePlatformSupportModulesInManaged (13ms)
			SetLoadedEditorAssemblies (10ms)
			RefreshPlugins (0ms)
			BeforeProcessingInitializeOnLoad (157ms)
			ProcessInitializeOnLoadAttributes (548ms)
			ProcessInitializeOnLoadMethodAttributes (33ms)
			AfterProcessingInitializeOnLoad (12ms)
			EditorAssembliesLoaded (0ms)
		ExecutionOrderSort2 (0ms)
		AwakeInstancesAfterBackupRestoration (13ms)
Refreshing native plugins compatible for Editor in 4.96 ms, found 3 plugins.
Preloading 0 native plugins for Editor in 0.00 ms.
Unloading 3193 Unused Serialized files (Serialized files now loaded: 0)
Unloading 22 unused Assets / (30.5 KB). Loaded Objects now: 3735.
Memory consumption went from 197.1 MB to 197.0 MB.
Total: 4.061600 ms (FindLiveObjects: 0.303900 ms CreateObjectMapping: 0.315200 ms MarkObjects: 3.387000 ms  DeleteObjects: 0.054400 ms)

Prepare: number of updated asset objects reloaded= 0
AssetImportParameters requested are different than current active one (requested -> active):
  custom:container-demuxer-ogg: 62fdf1f143b41e24485cea50d1cbac27 -> 
  custom:video-decoder-ogg-theora: a1e56fd34408186e4bbccfd4996cb3dc -> 
  custom:framework-win-MediaFoundation: 216162199b28c13a410421893ffa2e32 -> 
  custom:CustomObjectIndexerAttribute: 756ad292c208cfabdd7b50bc23989ffe -> 
  custom:container-demuxer-webm: 4f35f7cbe854078d1ac9338744f61a02 -> 
  custom:container-muxer-webm: aa71ff27fc2769a1b78a27578f13a17b -> 
  custom:video-decoder-webm-vp8: 9c59270c3fd7afecdb556c50c9e8de78 -> 
  custom:SearchIndexIgnoredProperties: e643bd26f0fe6173181afceb89e7c659 -> 
  custom:AudioImporter_EditorPlatform: d09bf68614088b80899f8185d706f6e7 -> 
  custom:video-encoder-webm-vp8: eb34c28f22e8b96e1ab97ce403110664 -> 
  custom:audio-decoder-ogg-vorbis: bf7c407c2cedff20999df2af8eb42d56 -> 
  custom:audio-encoder-webm-vorbis: bf7c407c2cedff20999df2af8eb42d56 -> 
========================================================================
Received Import Request.
  Time since last request: 112.969975 seconds.
  path: Assets/Julhiecio TPS Controller/Prefabs/Game/Character Prefabs/[ PLAYER SIMPLE ].prefab
  artifactKey: Guid(c63653d350b52f841a945cb45eaded6a) Importer(815301076,1909f56bfc062723c751e8b465ee728b)
Start importing Assets/Julhiecio TPS Controller/Prefabs/Game/Character Prefabs/[ PLAYER SIMPLE ].prefab using Guid(c63653d350b52f841a945cb45eaded6a) Importer(815301076,1909f56bfc062723c751e8b465ee728b)  -> (artifact id: '599c504c34b2ece65a986f50bc2c9c89') in 0.637961 seconds
Number of updated asset objects reloaded before import = 0
Number of asset objects unloaded after import = 718
========================================================================
Received Import Request.
  Time since last request: 0.000029 seconds.
  path: Assets/Decrepit Dungeon LITE/Prefabs/Floors/Floor_B.prefab
  artifactKey: Guid(c8fcb67cb3d648b4b87d500ece16b15f) Importer(815301076,1909f56bfc062723c751e8b465ee728b)
Start importing Assets/Decrepit Dungeon LITE/Prefabs/Floors/Floor_B.prefab using Guid(c8fcb67cb3d648b4b87d500ece16b15f) Importer(815301076,1909f56bfc062723c751e8b465ee728b)  -> (artifact id: '74b5dc8875f90672bc2c890b1f702529') in 0.014678 seconds
Number of updated asset objects reloaded before import = 0
Number of asset objects unloaded after import = 13
========================================================================
Received Import Request.
  Time since last request: 0.000029 seconds.
  path: Assets/Decrepit Dungeon LITE/Prefabs/Decals/Hay_B.prefab
  artifactKey: Guid(5562165546ff14f45bea34769748c3a8) Importer(815301076,1909f56bfc062723c751e8b465ee728b)
Start importing Assets/Decrepit Dungeon LITE/Prefabs/Decals/Hay_B.prefab using Guid(5562165546ff14f45bea34769748c3a8) Importer(815301076,1909f56bfc062723c751e8b465ee728b)  -> (artifact id: '3ec9c458df74e69711f14f4b230784f9') in 0.020991 seconds
Number of updated asset objects reloaded before import = 0
Number of asset objects unloaded after import = 13
========================================================================
Received Import Request.
  Time since last request: 0.000022 seconds.
  path: Assets/Decrepit Dungeon LITE/Prefabs/Props/Chain_C.prefab
  artifactKey: Guid(60b14b8458acad44090d4c0939e88a86) Importer(815301076,1909f56bfc062723c751e8b465ee728b)
Start importing Assets/Decrepit Dungeon LITE/Prefabs/Props/Chain_C.prefab using Guid(60b14b8458acad44090d4c0939e88a86) Importer(815301076,1909f56bfc062723c751e8b465ee728b)  -> (artifact id: 'aea51f9c68b6961cdd44ecec72676abd') in 0.019382 seconds
Number of updated asset objects reloaded before import = 0
Number of asset objects unloaded after import = 201
========================================================================
Received Import Request.
  Time since last request: 0.000022 seconds.
  path: Assets/Decrepit Dungeon LITE/Prefabs/Pillars/Pillar_B.prefab
  artifactKey: Guid(53746ac7859e04242b72e4c4599eb06c) Importer(815301076,1909f56bfc062723c751e8b465ee728b)
Start importing Assets/Decrepit Dungeon LITE/Prefabs/Pillars/Pillar_B.prefab using Guid(53746ac7859e04242b72e4c4599eb06c) Importer(815301076,1909f56bfc062723c751e8b465ee728b)  -> (artifact id: '27d8d64a15c4b384feb0e73448b1343c') in 0.017975 seconds
Number of updated asset objects reloaded before import = 0
Number of asset objects unloaded after import = 33
========================================================================
Received Import Request.
  Time since last request: 0.000017 seconds.
  path: Assets/Decrepit Dungeon LITE/Prefabs/Doors/Door_A.prefab
  artifactKey: Guid(4aa5a7ef56dd26f4d8cdad18e6dd51d2) Importer(815301076,1909f56bfc062723c751e8b465ee728b)
Start importing Assets/Decrepit Dungeon LITE/Prefabs/Doors/Door_A.prefab using Guid(4aa5a7ef56dd26f4d8cdad18e6dd51d2) Importer(815301076,1909f56bfc062723c751e8b465ee728b)  -> (artifact id: 'e18f01d1f242caa9ef12ec58c535cb56') in 0.015526 seconds
Number of updated asset objects reloaded before import = 0
Number of asset objects unloaded after import = 14
========================================================================
Received Import Request.
  Time since last request: 0.000026 seconds.
  path: Assets/Decrepit Dungeon LITE/Prefabs/Props/Tunnel_Grate_Broken.prefab
  artifactKey: Guid(3cee1252b3c2c9644a890b8c04e80479) Importer(815301076,1909f56bfc062723c751e8b465ee728b)
Start importing Assets/Decrepit Dungeon LITE/Prefabs/Props/Tunnel_Grate_Broken.prefab using Guid(3cee1252b3c2c9644a890b8c04e80479) Importer(815301076,1909f56bfc062723c751e8b465ee728b)  -> (artifact id: '4e6ffb6905c7433184032d945491a382') in 0.016187 seconds
Number of updated asset objects reloaded before import = 0
Number of asset objects unloaded after import = 30
========================================================================
Received Import Request.
  Time since last request: 0.000030 seconds.
  path: Assets/Decrepit Dungeon LITE/Prefabs/Stairs/Stairs_A.prefab
  artifactKey: Guid(b5e6d0f89d317b146a5e063b6c80a8fe) Importer(815301076,1909f56bfc062723c751e8b465ee728b)
Start importing Assets/Decrepit Dungeon LITE/Prefabs/Stairs/Stairs_A.prefab using Guid(b5e6d0f89d317b146a5e063b6c80a8fe) Importer(815301076,1909f56bfc062723c751e8b465ee728b)  -> (artifact id: 'b6ad2a01db032b7052db822bbd6c09cb') in 0.018847 seconds
Number of updated asset objects reloaded before import = 0
Number of asset objects unloaded after import = 17
========================================================================
Received Import Request.
  Time since last request: 0.000025 seconds.
  path: Assets/Julhiecio TPS Controller/Prefabs/Fractures/Car Fractures/LeftBackGlass2 Fractured.prefab
  artifactKey: Guid(1a613a15757988844aef3ccf01278a6a) Importer(815301076,1909f56bfc062723c751e8b465ee728b)
Start importing Assets/Julhiecio TPS Controller/Prefabs/Fractures/Car Fractures/LeftBackGlass2 Fractured.prefab using Guid(1a613a15757988844aef3ccf01278a6a) Importer(815301076,1909f56bfc062723c751e8b465ee728b)  -> (artifact id: 'b930b48dc91d7b91aa6c95e6c3077be0') in 0.319738 seconds
Number of updated asset objects reloaded before import = 0
Number of asset objects unloaded after import = 19
========================================================================
Received Import Request.
  Time since last request: 0.000031 seconds.
  path: Assets/Julhiecio TPS Controller/Prefabs/Weapons/Projectiles/Bullet Shotgun.prefab
  artifactKey: Guid(610ed711791a45f46ab8ae257422ba08) Importer(815301076,1909f56bfc062723c751e8b465ee728b)
Start importing Assets/Julhiecio TPS Controller/Prefabs/Weapons/Projectiles/Bullet Shotgun.prefab using Guid(610ed711791a45f46ab8ae257422ba08) Importer(815301076,1909f56bfc062723c751e8b465ee728b)  -> (artifact id: '1badb7706d541f32ff2c729103505a6d') in 0.020326 seconds
Number of updated asset objects reloaded before import = 0
Number of asset objects unloaded after import = 40
========================================================================
Received Import Request.
  Time since last request: 0.000024 seconds.
  path: Assets/Decrepit Dungeon LITE/Prefabs/Doors/Door_B.prefab
  artifactKey: Guid(4f13c956f2c771542a07a197a4d6fdf5) Importer(815301076,1909f56bfc062723c751e8b465ee728b)
Start importing Assets/Decrepit Dungeon LITE/Prefabs/Doors/Door_B.prefab using Guid(4f13c956f2c771542a07a197a4d6fdf5) Importer(815301076,1909f56bfc062723c751e8b465ee728b)  -> (artifact id: '074b3dd1d28b0271324681d0975d747d') in 0.025781 seconds
Number of updated asset objects reloaded before import = 0
Number of asset objects unloaded after import = 35
========================================================================
Received Import Request.
  Time since last request: 0.000023 seconds.
  path: Assets/Julhiecio TPS Controller/Prefabs/Vehicles/Car.prefab
  artifactKey: Guid(33967fb2213bc1b4ca433f379ebf1acd) Importer(815301076,1909f56bfc062723c751e8b465ee728b)
Start importing Assets/Julhiecio TPS Controller/Prefabs/Vehicles/Car.prefab using Guid(33967fb2213bc1b4ca433f379ebf1acd) Importer(815301076,1909f56bfc062723c751e8b465ee728b)  -> (artifact id: '3a0b3d4d459cdabed24d0504b0bcfabc') in 0.520874 seconds
Number of updated asset objects reloaded before import = 0
Number of asset objects unloaded after import = 517
========================================================================
Received Import Request.
  Time since last request: 0.000032 seconds.
  path: Assets/Decrepit Dungeon LITE/Prefabs/Props/Torch.prefab
  artifactKey: Guid(731670d05affd0045a25600d2045889f) Importer(815301076,1909f56bfc062723c751e8b465ee728b)
Start importing Assets/Decrepit Dungeon LITE/Prefabs/Props/Torch.prefab using Guid(731670d05affd0045a25600d2045889f) Importer(815301076,1909f56bfc062723c751e8b465ee728b)  -> (artifact id: 'ad943ae56676e96dde305bb62f62f01f') in 0.025103 seconds
Number of updated asset objects reloaded before import = 0
Number of asset objects unloaded after import = 23
========================================================================
Received Import Request.
  Time since last request: 0.000032 seconds.
  path: Assets/Julhiecio TPS Controller/Prefabs/Fractures/Car Fractures/RightBackGlass Fractured.prefab
  artifactKey: Guid(7aadb2b871020d143b56048da8a0af82) Importer(815301076,1909f56bfc062723c751e8b465ee728b)
Start importing Assets/Julhiecio TPS Controller/Prefabs/Fractures/Car Fractures/RightBackGlass Fractured.prefab using Guid(7aadb2b871020d143b56048da8a0af82) Importer(815301076,1909f56bfc062723c751e8b465ee728b)  -> (artifact id: 'ba9edf4cabed8367e07e513dc70bc32d') in 0.016927 seconds
Number of updated asset objects reloaded before import = 0
Number of asset objects unloaded after import = 40
========================================================================
Received Import Request.
  Time since last request: 0.000029 seconds.
  path: Assets/Decrepit Dungeon LITE/Prefabs/Walls/Wall_E.prefab
  artifactKey: Guid(b3680b2b693885140a0abe782d406308) Importer(815301076,1909f56bfc062723c751e8b465ee728b)
Start importing Assets/Decrepit Dungeon LITE/Prefabs/Walls/Wall_E.prefab using Guid(b3680b2b693885140a0abe782d406308) Importer(815301076,1909f56bfc062723c751e8b465ee728b)  -> (artifact id: '7a5b3e0fcc07194e5b9a76f665c49f4f') in 0.030205 seconds
Number of updated asset objects reloaded before import = 0
Number of asset objects unloaded after import = 29
========================================================================
Received Import Request.
  Time since last request: 0.000036 seconds.
  path: Assets/Decrepit Dungeon LITE/Prefabs/Walls/Sewer_Tunnel_A.prefab
  artifactKey: Guid(a264dce65e4ae004bbc6be99c68d94c2) Importer(815301076,1909f56bfc062723c751e8b465ee728b)
Start importing Assets/Decrepit Dungeon LITE/Prefabs/Walls/Sewer_Tunnel_A.prefab using Guid(a264dce65e4ae004bbc6be99c68d94c2) Importer(815301076,1909f56bfc062723c751e8b465ee728b)  -> (artifact id: 'c9c1dd139a96be1e7c80cabacf683543') in 0.020395 seconds
Number of updated asset objects reloaded before import = 0
Number of asset objects unloaded after import = 14
========================================================================
Received Import Request.
  Time since last request: 0.000029 seconds.
  path: Assets/Decrepit Dungeon LITE/Prefabs/Walls/Ceiling.prefab
  artifactKey: Guid(9947a6e7e8c8208469c1c86e15f5c089) Importer(815301076,1909f56bfc062723c751e8b465ee728b)
Start importing Assets/Decrepit Dungeon LITE/Prefabs/Walls/Ceiling.prefab using Guid(9947a6e7e8c8208469c1c86e15f5c089) Importer(815301076,1909f56bfc062723c751e8b465ee728b)  -> (artifact id: '23c8598bb63d1aac3d771df08c7c072a') in 0.020112 seconds
Number of updated asset objects reloaded before import = 0
Number of asset objects unloaded after import = 13
========================================================================
Received Import Request.
  Time since last request: 0.000030 seconds.
  path: Assets/TextMesh Pro/Examples & Extras/Prefabs/TextMeshPro - Prefab 2.prefab
  artifactKey: Guid(fdad9d952ae84cafb74c63f2e694d042) Importer(815301076,1909f56bfc062723c751e8b465ee728b)
Start importing Assets/TextMesh Pro/Examples & Extras/Prefabs/TextMeshPro - Prefab 2.prefab using Guid(fdad9d952ae84cafb74c63f2e694d042) Importer(815301076,1909f56bfc062723c751e8b465ee728b)  -> (artifact id: 'd1c0a25ebdc07b8e9cdefa63198ba95f') in 0.099942 seconds
Number of updated asset objects reloaded before import = 0
Number of asset objects unloaded after import = 16
========================================================================
Received Import Request.
  Time since last request: 0.000020 seconds.
  path: Assets/Decrepit Dungeon LITE/Prefabs/Walls/Roundabout_Continuation.prefab
  artifactKey: Guid(77764f3a8cc8f57439dedb2107f1a89b) Importer(815301076,1909f56bfc062723c751e8b465ee728b)
Start importing Assets/Decrepit Dungeon LITE/Prefabs/Walls/Roundabout_Continuation.prefab using Guid(77764f3a8cc8f57439dedb2107f1a89b) Importer(815301076,1909f56bfc062723c751e8b465ee728b)  -> (artifact id: 'ccd9c8719f2e30e0b3611454845f436b') in 0.019363 seconds
Number of updated asset objects reloaded before import = 0
Number of asset objects unloaded after import = 14
========================================================================
Received Import Request.
  Time since last request: 0.000029 seconds.
  path: Assets/Julhiecio TPS Controller/Prefabs/Weapons/Guns/Submachine Gun.prefab
  artifactKey: Guid(0d77067ea9c02eb40bf7b6e3e5748d3b) Importer(815301076,1909f56bfc062723c751e8b465ee728b)
Start importing Assets/Julhiecio TPS Controller/Prefabs/Weapons/Guns/Submachine Gun.prefab using Guid(0d77067ea9c02eb40bf7b6e3e5748d3b) Importer(815301076,1909f56bfc062723c751e8b465ee728b)  -> (artifact id: '4b87b68daa188f53f128a786477cdd90') in 0.031245 seconds
Number of updated asset objects reloaded before import = 0
Number of asset objects unloaded after import = 103
========================================================================
Received Import Request.
  Time since last request: 0.000039 seconds.
  path: Assets/Julhiecio TPS Controller/Prefabs/Weapons/Bullet Casing/Bullet Casing.prefab
  artifactKey: Guid(cd4048a4ee5a6f54e869b3f9b38dcccc) Importer(815301076,1909f56bfc062723c751e8b465ee728b)
Start importing Assets/Julhiecio TPS Controller/Prefabs/Weapons/Bullet Casing/Bullet Casing.prefab using Guid(cd4048a4ee5a6f54e869b3f9b38dcccc) Importer(815301076,1909f56bfc062723c751e8b465ee728b)  -> (artifact id: '6412af291472d6760a11c5694539cd75') in 0.226086 seconds
Number of updated asset objects reloaded before import = 0
Number of asset objects unloaded after import = 12
========================================================================
Received Import Request.
  Time since last request: 0.000027 seconds.
  path: Assets/Julhiecio TPS Controller/Prefabs/Game/GameManager.prefab
  artifactKey: Guid(9ce03ed22613ec94794c2173f187f0bf) Importer(815301076,1909f56bfc062723c751e8b465ee728b)
Start importing Assets/Julhiecio TPS Controller/Prefabs/Game/GameManager.prefab using Guid(9ce03ed22613ec94794c2173f187f0bf) Importer(815301076,1909f56bfc062723c751e8b465ee728b)  -> (artifact id: 'a4829ec36315b2de3c683203262d8092') in 0.032082 seconds
Number of updated asset objects reloaded before import = 0
Number of asset objects unloaded after import = 264
========================================================================
Received Import Request.
  Time since last request: 0.000044 seconds.
  path: Assets/Decrepit Dungeon LITE/Prefabs/Arches/Arch_A.prefab
  artifactKey: Guid(de3b8c31d809a0442bdf5e22edaf92be) Importer(815301076,1909f56bfc062723c751e8b465ee728b)
Start importing Assets/Decrepit Dungeon LITE/Prefabs/Arches/Arch_A.prefab using Guid(de3b8c31d809a0442bdf5e22edaf92be) Importer(815301076,1909f56bfc062723c751e8b465ee728b)  -> (artifact id: '71be27f67ca8ea9af1ccb29aff60032c') in 0.015348 seconds
Number of updated asset objects reloaded before import = 0
Number of asset objects unloaded after import = 17
========================================================================
Received Import Request.
  Time since last request: 0.000018 seconds.
  path: Assets/Decrepit Dungeon LITE/Prefabs/Walls/Wall_B.prefab
  artifactKey: Guid(ce73a35450ff20d4ab05c1f0c3cec2dc) Importer(815301076,1909f56bfc062723c751e8b465ee728b)
Start importing Assets/Decrepit Dungeon LITE/Prefabs/Walls/Wall_B.prefab using Guid(ce73a35450ff20d4ab05c1f0c3cec2dc) Importer(815301076,1909f56bfc062723c751e8b465ee728b)  -> (artifact id: '20ae24a454ba8e419b08968bb9aa28b1') in 0.016543 seconds
Number of updated asset objects reloaded before import = 0
Number of asset objects unloaded after import = 17
========================================================================
Received Import Request.
  Time since last request: 0.000020 seconds.
  path: Assets/Decrepit Dungeon LITE/Prefabs/Walls/Wall_C.prefab
  artifactKey: Guid(a06d34869919f8646b564dcd7350f9aa) Importer(815301076,1909f56bfc062723c751e8b465ee728b)
Start importing Assets/Decrepit Dungeon LITE/Prefabs/Walls/Wall_C.prefab using Guid(a06d34869919f8646b564dcd7350f9aa) Importer(815301076,1909f56bfc062723c751e8b465ee728b)  -> (artifact id: 'ce866412d10be11bc3895dae099bda44') in 0.016729 seconds
Number of updated asset objects reloaded before import = 0
Number of asset objects unloaded after import = 17
========================================================================
Received Import Request.
  Time since last request: 0.000021 seconds.
  path: Assets/Julhiecio TPS Controller/Prefabs/Weapons/Bullet Boxes/Bullet Box Handgun.prefab
  artifactKey: Guid(f808af6500318564f8c8a5b672771897) Importer(815301076,1909f56bfc062723c751e8b465ee728b)
Start importing Assets/Julhiecio TPS Controller/Prefabs/Weapons/Bullet Boxes/Bullet Box Handgun.prefab using Guid(f808af6500318564f8c8a5b672771897) Importer(815301076,1909f56bfc062723c751e8b465ee728b)  -> (artifact id: 'e5791cb7c3d6095618eb04881a7073bb') in 0.015815 seconds
Number of updated asset objects reloaded before import = 0
Number of asset objects unloaded after import = 13
========================================================================
Received Import Request.
  Time since last request: 0.000022 seconds.
  path: Assets/Decrepit Dungeon LITE/Prefabs/Props/Stool_A.prefab
  artifactKey: Guid(99eb208358f64d247b2294b674f35fd7) Importer(815301076,1909f56bfc062723c751e8b465ee728b)
Start importing Assets/Decrepit Dungeon LITE/Prefabs/Props/Stool_A.prefab using Guid(99eb208358f64d247b2294b674f35fd7) Importer(815301076,1909f56bfc062723c751e8b465ee728b)  -> (artifact id: '1627d3a07bab3d8f9638fdb34d106499') in 0.016912 seconds
Number of updated asset objects reloaded before import = 0
Number of asset objects unloaded after import = 17
========================================================================
Received Import Request.
  Time since last request: 0.000021 seconds.
  path: Assets/Julhiecio TPS Controller/Prefabs/Weapons/Guns/SniperRifle.prefab
  artifactKey: Guid(989171f0774cfc7468a170f470bd1b1f) Importer(815301076,1909f56bfc062723c751e8b465ee728b)
Start importing Assets/Julhiecio TPS Controller/Prefabs/Weapons/Guns/SniperRifle.prefab using Guid(989171f0774cfc7468a170f470bd1b1f) Importer(815301076,1909f56bfc062723c751e8b465ee728b)  -> (artifact id: '9c44842c53b88b8f6e31e8239f53d274') in 0.034222 seconds
Number of updated asset objects reloaded before import = 0
Number of asset objects unloaded after import = 115
========================================================================
Received Import Request.
  Time since last request: 0.000020 seconds.
  path: Assets/Decrepit Dungeon LITE/Prefabs/Props/Tunnel_Grate.prefab
  artifactKey: Guid(257faedffa691514790c7fffb4046c40) Importer(815301076,1909f56bfc062723c751e8b465ee728b)
Start importing Assets/Decrepit Dungeon LITE/Prefabs/Props/Tunnel_Grate.prefab using Guid(257faedffa691514790c7fffb4046c40) Importer(815301076,1909f56bfc062723c751e8b465ee728b)  -> (artifact id: 'd30e8977377d5bb31026fbbd1e5743cd') in 0.012898 seconds
Number of updated asset objects reloaded before import = 0
Number of asset objects unloaded after import = 14
========================================================================
Received Import Request.
  Time since last request: 0.000019 seconds.
  path: Assets/Decrepit Dungeon LITE/Prefabs/Doorways/Doorway_A.prefab
  artifactKey: Guid(10f6c197dbc5b3d4bb207a1bd7921eba) Importer(815301076,1909f56bfc062723c751e8b465ee728b)
Start importing Assets/Decrepit Dungeon LITE/Prefabs/Doorways/Doorway_A.prefab using Guid(10f6c197dbc5b3d4bb207a1bd7921eba) Importer(815301076,1909f56bfc062723c751e8b465ee728b)  -> (artifact id: '223909d8ff82a764e562f20b9e21471f') in 0.017482 seconds
Number of updated asset objects reloaded before import = 0
Number of asset objects unloaded after import = 17
========================================================================
Received Import Request.
  Time since last request: 0.000024 seconds.
  path: Assets/Decrepit Dungeon LITE/Prefabs/Decals/Hay_C.prefab
  artifactKey: Guid(277581e3138a61f46878277a7d68a675) Importer(815301076,1909f56bfc062723c751e8b465ee728b)
Start importing Assets/Decrepit Dungeon LITE/Prefabs/Decals/Hay_C.prefab using Guid(277581e3138a61f46878277a7d68a675) Importer(815301076,1909f56bfc062723c751e8b465ee728b)  -> (artifact id: '8db55e2e9af40ded2f5e18b4317bd55c') in 0.014671 seconds
Number of updated asset objects reloaded before import = 0
Number of asset objects unloaded after import = 13
========================================================================
Received Import Request.
  Time since last request: 0.000069 seconds.
  path: Assets/Julhiecio TPS Controller/Prefabs/Vehicles/Motorcycle.prefab
  artifactKey: Guid(b11f799353c606a408a3ab77b46fa3e6) Importer(815301076,1909f56bfc062723c751e8b465ee728b)
Start importing Assets/Julhiecio TPS Controller/Prefabs/Vehicles/Motorcycle.prefab using Guid(b11f799353c606a408a3ab77b46fa3e6) Importer(815301076,1909f56bfc062723c751e8b465ee728b)  -> (artifact id: '1c80b75697c2d0b12b99641ebe6b84b6') in 0.032182 seconds
Number of updated asset objects reloaded before import = 0
Number of asset objects unloaded after import = 93
========================================================================
Received Import Request.
  Time since last request: 0.000035 seconds.
  path: Assets/Decrepit Dungeon LITE/Prefabs/Props/Candles.prefab
  artifactKey: Guid(9399e3d779d8660489d87c9559841721) Importer(815301076,1909f56bfc062723c751e8b465ee728b)
Start importing Assets/Decrepit Dungeon LITE/Prefabs/Props/Candles.prefab using Guid(9399e3d779d8660489d87c9559841721) Importer(815301076,1909f56bfc062723c751e8b465ee728b)  -> (artifact id: '0f2e2d117c14641582a1622dc1447588') in 0.177925 seconds
Number of updated asset objects reloaded before import = 0
Number of asset objects unloaded after import = 60
========================================================================
Received Import Request.
  Time since last request: 0.000030 seconds.
  path: Assets/Decrepit Dungeon LITE/Prefabs/Props/Hanging_Cage.prefab
  artifactKey: Guid(443b16cc2c749c1449edeccb23f05576) Importer(815301076,1909f56bfc062723c751e8b465ee728b)
Start importing Assets/Decrepit Dungeon LITE/Prefabs/Props/Hanging_Cage.prefab using Guid(443b16cc2c749c1449edeccb23f05576) Importer(815301076,1909f56bfc062723c751e8b465ee728b)  -> (artifact id: 'fd9fcd070d7627cf66ee6f31a61ba092') in 0.014472 seconds
Number of updated asset objects reloaded before import = 0
Number of asset objects unloaded after import = 14
========================================================================
Received Import Request.
  Time since last request: 0.000022 seconds.
  path: Assets/Decrepit Dungeon LITE/Prefabs/Props/Floor_Cage.prefab
  artifactKey: Guid(08e1ecba9be6e5b418edf1bf869b4e00) Importer(815301076,1909f56bfc062723c751e8b465ee728b)
Start importing Assets/Decrepit Dungeon LITE/Prefabs/Props/Floor_Cage.prefab using Guid(08e1ecba9be6e5b418edf1bf869b4e00) Importer(815301076,1909f56bfc062723c751e8b465ee728b)  -> (artifact id: '9330eaa3272eeb47951183f017c0de39') in 0.016763 seconds
Number of updated asset objects reloaded before import = 0
Number of asset objects unloaded after import = 14
========================================================================
Received Import Request.
  Time since last request: 0.000023 seconds.
  path: Assets/Decrepit Dungeon LITE/Prefabs/Decals/Grunge_F.prefab
  artifactKey: Guid(cd2bddb9961304741bb667a4a663f581) Importer(815301076,1909f56bfc062723c751e8b465ee728b)
Start importing Assets/Decrepit Dungeon LITE/Prefabs/Decals/Grunge_F.prefab using Guid(cd2bddb9961304741bb667a4a663f581) Importer(815301076,1909f56bfc062723c751e8b465ee728b)  -> (artifact id: 'e8e91fe5e19dd70cc77ee0e05e9abb5c') in 0.014936 seconds
Number of updated asset objects reloaded before import = 0
Number of asset objects unloaded after import = 12
========================================================================
Received Import Request.
  Time since last request: 0.000018 seconds.
  path: Assets/Decrepit Dungeon LITE/Prefabs/Pillars/Pillar_A.prefab
  artifactKey: Guid(b93fbb2e189612641be84b2521736734) Importer(815301076,1909f56bfc062723c751e8b465ee728b)
Start importing Assets/Decrepit Dungeon LITE/Prefabs/Pillars/Pillar_A.prefab using Guid(b93fbb2e189612641be84b2521736734) Importer(815301076,1909f56bfc062723c751e8b465ee728b)  -> (artifact id: '5312617f47178eaa3af64138871502b1') in 0.015536 seconds
Number of updated asset objects reloaded before import = 0
Number of asset objects unloaded after import = 14
========================================================================
Received Import Request.
  Time since last request: 0.000020 seconds.
  path: Assets/Decrepit Dungeon LITE/Prefabs/Decals/Grunge_B.prefab
  artifactKey: Guid(8b03b78473aa7d8438af631387982438) Importer(815301076,1909f56bfc062723c751e8b465ee728b)
Start importing Assets/Decrepit Dungeon LITE/Prefabs/Decals/Grunge_B.prefab using Guid(8b03b78473aa7d8438af631387982438) Importer(815301076,1909f56bfc062723c751e8b465ee728b)  -> (artifact id: 'db8cf0cc67f8b81493962bd75187acc5') in 0.014563 seconds
Number of updated asset objects reloaded before import = 0
Number of asset objects unloaded after import = 12
========================================================================
Received Import Request.
  Time since last request: 0.000019 seconds.
  path: Assets/Julhiecio TPS Controller/Prefabs/Fractures/Car Fractures/LeftGlass1 Fractured.prefab
  artifactKey: Guid(72e75c0621bfa184599cfa2551ca329e) Importer(815301076,1909f56bfc062723c751e8b465ee728b)
Start importing Assets/Julhiecio TPS Controller/Prefabs/Fractures/Car Fractures/LeftGlass1 Fractured.prefab using Guid(72e75c0621bfa184599cfa2551ca329e) Importer(815301076,1909f56bfc062723c751e8b465ee728b)  -> (artifact id: '1c4618ae9ef82b321afbd125a6269508') in 0.015088 seconds
Number of updated asset objects reloaded before import = 0
Number of asset objects unloaded after import = 54
========================================================================
Received Import Request.
  Time since last request: 0.000017 seconds.
  path: Assets/Julhiecio TPS Controller/Prefabs/Fractures/Car Fractures/FrontGlass Fractured.prefab
  artifactKey: Guid(6b2e403abcc072145afc0bad2ee016ca) Importer(815301076,1909f56bfc062723c751e8b465ee728b)
Start importing Assets/Julhiecio TPS Controller/Prefabs/Fractures/Car Fractures/FrontGlass Fractured.prefab using Guid(6b2e403abcc072145afc0bad2ee016ca) Importer(815301076,1909f56bfc062723c751e8b465ee728b)  -> (artifact id: '574bb083fd959d7dfc092eec852b8f1d') in 0.022332 seconds
Number of updated asset objects reloaded before import = 0
Number of asset objects unloaded after import = 96
========================================================================
Received Import Request.
  Time since last request: 0.000019 seconds.
  path: Assets/Julhiecio TPS Controller/Prefabs/Effects/Fire Particle [ Dead Zone].prefab
  artifactKey: Guid(9a34027ebec43f744b30c908ee0b8496) Importer(815301076,1909f56bfc062723c751e8b465ee728b)
Start importing Assets/Julhiecio TPS Controller/Prefabs/Effects/Fire Particle [ Dead Zone].prefab using Guid(9a34027ebec43f744b30c908ee0b8496) Importer(815301076,1909f56bfc062723c751e8b465ee728b)  -> (artifact id: '0d825b5d36b86535c2340935d19a3d03') in 5.109602 seconds
Number of updated asset objects reloaded before import = 0
Number of asset objects unloaded after import = 23
========================================================================
Received Prepare
Begin MonoManager ReloadAssembly
- Loaded All Assemblies, in  0.548 seconds
Refreshing native plugins compatible for Editor in 2.98 ms, found 3 plugins.
Native extension for WindowsStandalone target not found
Native extension for WebGL target not found
[Package Manager] Server::EnsureServerProcessIsRunning -- launch failed, reason: Unity was launched with the -noUpm command-line argument
[Package Manager] UpmClient::Send -- Unable to send message (not connected to UPM process).
[Package Manager] Cannot connect to Unity Package Manager local server
Mono: successfully reloaded assembly
- Finished resetting the current domain, in  1.107 seconds
Domain Reload Profiling: 1653ms
	BeginReloadAssembly (184ms)
		ExecutionOrderSort (0ms)
		DisableScriptedObjects (9ms)
		BackupInstance (0ms)
		ReleaseScriptingObjects (0ms)
		CreateAndSetChildDomain (45ms)
	RebuildCommonClasses (41ms)
	RebuildNativeTypeToScriptingClass (14ms)
	initialDomainReloadingComplete (33ms)
	LoadAllAssembliesAndSetupDomain (274ms)
		LoadAssemblies (343ms)
		RebuildTransferFunctionScriptingTraits (0ms)
		AnalyzeDomain (26ms)
			TypeCache.Refresh (11ms)
				TypeCache.ScanAssembly (2ms)
			ScanForSourceGeneratedMonoScriptInfo (7ms)
			ResolveRequiredComponents (7ms)
	FinalizeReload (1107ms)
		ReleaseScriptCaches (0ms)
		RebuildScriptCaches (0ms)
		SetupLoadedEditorAssemblies (563ms)
			LogAssemblyErrors (0ms)
			InitializePlatformSupportModulesInManaged (9ms)
			SetLoadedEditorAssemblies (6ms)
			RefreshPlugins (0ms)
			BeforeProcessingInitializeOnLoad (122ms)
			ProcessInitializeOnLoadAttributes (390ms)
			ProcessInitializeOnLoadMethodAttributes (30ms)
			AfterProcessingInitializeOnLoad (7ms)
			EditorAssembliesLoaded (0ms)
		ExecutionOrderSort2 (0ms)
		AwakeInstancesAfterBackupRestoration (9ms)
Refreshing native plugins compatible for Editor in 3.45 ms, found 3 plugins.
Preloading 0 native plugins for Editor in 0.00 ms.
Unloading 3192 Unused Serialized files (Serialized files now loaded: 0)
Unloading 26 unused Assets / (33.9 KB). Loaded Objects now: 3743.
Memory consumption went from 197.7 MB to 197.6 MB.
Total: 3.238500 ms (FindLiveObjects: 0.289200 ms CreateObjectMapping: 0.250900 ms MarkObjects: 2.643500 ms  DeleteObjects: 0.053800 ms)

Prepare: number of updated asset objects reloaded= 0
AssetImportParameters requested are different than current active one (requested -> active):
  custom:container-demuxer-ogg: 62fdf1f143b41e24485cea50d1cbac27 -> 
  custom:video-decoder-ogg-theora: a1e56fd34408186e4bbccfd4996cb3dc -> 
  custom:framework-win-MediaFoundation: 216162199b28c13a410421893ffa2e32 -> 
  custom:CustomObjectIndexerAttribute: 756ad292c208cfabdd7b50bc23989ffe -> 
  custom:container-demuxer-webm: 4f35f7cbe854078d1ac9338744f61a02 -> 
  custom:container-muxer-webm: aa71ff27fc2769a1b78a27578f13a17b -> 
  custom:video-decoder-webm-vp8: 9c59270c3fd7afecdb556c50c9e8de78 -> 
  custom:SearchIndexIgnoredProperties: e643bd26f0fe6173181afceb89e7c659 -> 
  custom:AudioImporter_EditorPlatform: d09bf68614088b80899f8185d706f6e7 -> 
  custom:video-encoder-webm-vp8: eb34c28f22e8b96e1ab97ce403110664 -> 
  custom:audio-decoder-ogg-vorbis: bf7c407c2cedff20999df2af8eb42d56 -> 
  custom:audio-encoder-webm-vorbis: bf7c407c2cedff20999df2af8eb42d56 -> 
========================================================================
Received Prepare
Begin MonoManager ReloadAssembly
- Loaded All Assemblies, in  0.546 seconds
Refreshing native plugins compatible for Editor in 3.07 ms, found 3 plugins.
Native extension for WindowsStandalone target not found
Native extension for WebGL target not found
[Package Manager] Server::EnsureServerProcessIsRunning -- launch failed, reason: Unity was launched with the -noUpm command-line argument
[Package Manager] UpmClient::Send -- Unable to send message (not connected to UPM process).
[Package Manager] Cannot connect to Unity Package Manager local server
Mono: successfully reloaded assembly
- Finished resetting the current domain, in  1.149 seconds
Domain Reload Profiling: 1693ms
	BeginReloadAssembly (186ms)
		ExecutionOrderSort (0ms)
		DisableScriptedObjects (7ms)
		BackupInstance (0ms)
		ReleaseScriptingObjects (0ms)
		CreateAndSetChildDomain (35ms)
	RebuildCommonClasses (49ms)
	RebuildNativeTypeToScriptingClass (19ms)
	initialDomainReloadingComplete (42ms)
	LoadAllAssembliesAndSetupDomain (247ms)
		LoadAssemblies (339ms)
		RebuildTransferFunctionScriptingTraits (0ms)
		AnalyzeDomain (15ms)
			TypeCache.Refresh (6ms)
				TypeCache.ScanAssembly (0ms)
			ScanForSourceGeneratedMonoScriptInfo (0ms)
			ResolveRequiredComponents (7ms)
	FinalizeReload (1150ms)
		ReleaseScriptCaches (0ms)
		RebuildScriptCaches (0ms)
		SetupLoadedEditorAssemblies (625ms)
			LogAssemblyErrors (0ms)
			InitializePlatformSupportModulesInManaged (10ms)
			SetLoadedEditorAssemblies (8ms)
			RefreshPlugins (0ms)
			BeforeProcessingInitializeOnLoad (118ms)
			ProcessInitializeOnLoadAttributes (450ms)
			ProcessInitializeOnLoadMethodAttributes (32ms)
			AfterProcessingInitializeOnLoad (7ms)
			EditorAssembliesLoaded (0ms)
		ExecutionOrderSort2 (0ms)
		AwakeInstancesAfterBackupRestoration (10ms)
Refreshing native plugins compatible for Editor in 4.57 ms, found 3 plugins.
Preloading 0 native plugins for Editor in 0.00 ms.
Unloading 3193 Unused Serialized files (Serialized files now loaded: 0)
Unloading 22 unused Assets / (30.6 KB). Loaded Objects now: 3746.
Memory consumption went from 197.9 MB to 197.9 MB.
Total: 3.421200 ms (FindLiveObjects: 0.335100 ms CreateObjectMapping: 0.364500 ms MarkObjects: 2.671000 ms  DeleteObjects: 0.049400 ms)

Prepare: number of updated asset objects reloaded= 0
AssetImportParameters requested are different than current active one (requested -> active):
  custom:container-demuxer-ogg: 62fdf1f143b41e24485cea50d1cbac27 -> 
  custom:video-decoder-ogg-theora: a1e56fd34408186e4bbccfd4996cb3dc -> 
  custom:framework-win-MediaFoundation: 216162199b28c13a410421893ffa2e32 -> 
  custom:CustomObjectIndexerAttribute: 756ad292c208cfabdd7b50bc23989ffe -> 
  custom:container-demuxer-webm: 4f35f7cbe854078d1ac9338744f61a02 -> 
  custom:container-muxer-webm: aa71ff27fc2769a1b78a27578f13a17b -> 
  custom:video-decoder-webm-vp8: 9c59270c3fd7afecdb556c50c9e8de78 -> 
  custom:SearchIndexIgnoredProperties: e643bd26f0fe6173181afceb89e7c659 -> 
  custom:AudioImporter_EditorPlatform: d09bf68614088b80899f8185d706f6e7 -> 
  custom:video-encoder-webm-vp8: eb34c28f22e8b96e1ab97ce403110664 -> 
  custom:audio-decoder-ogg-vorbis: bf7c407c2cedff20999df2af8eb42d56 -> 
  custom:audio-encoder-webm-vorbis: bf7c407c2cedff20999df2af8eb42d56 -> 
